<?xml version="1.0" encoding="UTF-8"?>
<testng-results skipped="0" failed="0" ignored="0" total="1" passed="1">
  <reporter-output>
  </reporter-output>
  <suite name="Default suite" duration-ms="54535" started-at="2019-02-22T06:34:07Z" finished-at="2019-02-22T06:35:02Z">
    <groups>
    </groups>
    <test name="Default test" duration-ms="54535" started-at="2019-02-22T06:34:07Z" finished-at="2019-02-22T06:35:02Z">
      <class name="DDTest.HomePageTest">
        <test-method status="PASS" signature="setup()[pri:0, instance:DDTest.HomePageTest@49ede9c7]" name="setup" is-config="true" duration-ms="51503" started-at="2019-02-22T06:34:07Z" finished-at="2019-02-22T06:34:59Z">
          <reporter-output>
          </reporter-output>
        </test-method> <!-- setup -->
        <test-method status="PASS" signature="ActionCall()[pri:0, instance:DDTest.HomePageTest@49ede9c7]" name="ActionCall" duration-ms="2227" started-at="2019-02-22T06:34:59Z" finished-at="2019-02-22T06:35:01Z">
          <reporter-output>
          </reporter-output>
        </test-method> <!-- ActionCall -->
        <test-method status="PASS" signature="teardown()[pri:0, instance:DDTest.HomePageTest@49ede9c7]" name="teardown" is-config="true" duration-ms="762" started-at="2019-02-22T06:35:01Z" finished-at="2019-02-22T06:35:02Z">
          <reporter-output>
          </reporter-output>
        </test-method> <!-- teardown -->
      </class> <!-- DDTest.HomePageTest -->
    </test> <!-- Default test -->
  </suite> <!-- Default suite -->
</testng-results>
